Build started 5/8/2014 2:34:15 AM.
     1>Project "C:\Users\Ricardo\Desktop\RMZREPO\Game2014\cocos2d\cocos\2d\cocos2d.vcxproj" on node 2 (Build target(s)).
     1>PreLinkEvent:
         if not exist "C:\Users\Ricardo\Desktop\RMZREPO\Game2014\proj.win32\Debug.win32\" mkdir "C:\Users\Ricardo\Desktop\RMZREPO\Game2014\proj.win32\Debug.win32\"
         xcopy /Y /Q "C:\Users\Ricardo\Desktop\RMZREPO\Game2014\cocos2d\cocos\2d\..\..\external\freetype2\prebuilt\win32\*.*" "C:\Users\Ricardo\Desktop\RMZREPO\Game2014\proj.win32\Debug.win32\"
         xcopy /Y /Q "C:\Users\Ricardo\Desktop\RMZREPO\Game2014\cocos2d\cocos\2d\..\..\external\glfw3\prebuilt\win32\*.*" "C:\Users\Ricardo\Desktop\RMZREPO\Game2014\proj.win32\Debug.win32\"
         xcopy /Y /Q "C:\Users\Ricardo\Desktop\RMZREPO\Game2014\cocos2d\cocos\2d\..\..\external\curl\prebuilt\win32\*.*" "C:\Users\Ricardo\Desktop\RMZREPO\Game2014\proj.win32\Debug.win32\"
         xcopy /Y /Q "C:\Users\Ricardo\Desktop\RMZREPO\Game2014\cocos2d\cocos\2d\..\..\external\jpeg\prebuilt\win32\*.*" "C:\Users\Ricardo\Desktop\RMZREPO\Game2014\proj.win32\Debug.win32\"
         xcopy /Y /Q "C:\Users\Ricardo\Desktop\RMZREPO\Game2014\cocos2d\cocos\2d\..\..\external\png\prebuilt\win32\*.*" "C:\Users\Ricardo\Desktop\RMZREPO\Game2014\proj.win32\Debug.win32\"
         xcopy /Y /Q "C:\Users\Ricardo\Desktop\RMZREPO\Game2014\cocos2d\cocos\2d\..\..\external\tiff\prebuilt\win32\*.*" "C:\Users\Ricardo\Desktop\RMZREPO\Game2014\proj.win32\Debug.win32\"
         xcopy /Y /Q "C:\Users\Ricardo\Desktop\RMZREPO\Game2014\cocos2d\cocos\2d\..\..\external\webp\prebuilt\win32\*.*" "C:\Users\Ricardo\Desktop\RMZREPO\Game2014\proj.win32\Debug.win32\"
         xcopy /Y /Q "C:\Users\Ricardo\Desktop\RMZREPO\Game2014\cocos2d\cocos\2d\..\..\external\win32-specific\zlib\prebuilt\*.*" "C:\Users\Ricardo\Desktop\RMZREPO\Game2014\proj.win32\Debug.win32\"
         xcopy /Y /Q "C:\Users\Ricardo\Desktop\RMZREPO\Game2014\cocos2d\cocos\2d\..\..\external\win32-specific\icon\prebuilt\*.*" "C:\Users\Ricardo\Desktop\RMZREPO\Game2014\proj.win32\Debug.win32\"
         xcopy /Y /Q "C:\Users\Ricardo\Desktop\RMZREPO\Game2014\cocos2d\cocos\2d\..\..\external\win32-specific\gles\prebuilt\*.*" "C:\Users\Ricardo\Desktop\RMZREPO\Game2014\proj.win32\Debug.win32\"
         
         :VCEnd
         1 File(s) copied
         1 File(s) copied
         2 File(s) copied
         1 File(s) copied
         1 File(s) copied
         2 File(s) copied
         1 File(s) copied
         2 File(s) copied
         2 File(s) copied
         2 File(s) copied
       Lib:
         cocos2d.vcxproj -> C:\Users\Ricardo\Desktop\RMZREPO\Game2014\proj.win32\Debug.win32\libcocos2d.lib
     1>Done Building Project "C:\Users\Ricardo\Desktop\RMZREPO\Game2014\cocos2d\cocos\2d\cocos2d.vcxproj" (Build target(s)).

Build succeeded.

Time Elapsed 00:00:00.79
